{
  "profileName": "VoyagerAzureBot",
  "jobId": "25a5b88d-6246-44a0-845b-cde96076050d",
  "projectId": "984.0563057515573",
  "time": "2022-09-11T16:25:48.611Z",
  "log": [
    "Creating Azure resources...",
    "Checking the Existence of the Resource Group ...",
    "Use the Resource Group: VoyagerBotResourcesNew at westus",
    "> Creating App Registration ...",
    "Start to add password for App, Id : 4b12c0fe-c9e4-4d80-9fd2-ed81a0809895",
    "> Create App Registration Success! ID: 4b12c0fe-c9e4-4d80-9fd2-ed81a0809895",
    "Deploying Web App Resource ...",
    "Deploying Bot Resource ...",
    "Deploying Cosmos DB Resource ...",
    "{\"stack\":\"Error: The subscription is not registered to use namespace 'Microsoft.DocumentDB'. See https://aka.ms/rps-not-found for how to register subscriptions.\\n    at new RestError2 (C:\\\\Program Files\\\\Bot Framework Composer\\\\resources\\\\app.asar.unpacked\\\\extensions\\\\azurePublish\\\\dist\\\\extension.js:159952:26)\\n    at C:\\\\Program Files\\\\Bot Framework Composer\\\\resources\\\\app.asar.unpacked\\\\extensions\\\\azurePublish\\\\dist\\\\extension.js:160885:27\\n    at async AzureResourceMananger.deployCosmosDBResource (C:\\\\Program Files\\\\Bot Framework Composer\\\\resources\\\\app.asar.unpacked\\\\extensions\\\\azurePublish\\\\dist\\\\extension.js:256612:37)\\n    at async BotProjectProvision.create (C:\\\\Program Files\\\\Bot Framework Composer\\\\resources\\\\app.asar.unpacked\\\\extensions\\\\azurePublish\\\\dist\\\\extension.js:257147:41)\\n    at async AzurePublisher.asyncProvision (C:\\\\Program Files\\\\Bot Framework Composer\\\\resources\\\\app.asar.unpacked\\\\extensions\\\\azurePublish\\\\dist\\\\extension.js:257626:34)\",\"message\":\"The subscription is not registered to use namespace 'Microsoft.DocumentDB'. See https://aka.ms/rps-not-found for how to register subscriptions.\",\"code\":\"MissingSubscriptionRegistration\",\"statusCode\":409,\"request\":{\"body\":\"{\\\"location\\\":\\\"westeurope\\\",\\\"properties\\\":{\\\"locations\\\":[{\\\"locationName\\\":\\\"westeurope\\\",\\\"failoverPriority\\\":0}],\\\"databaseAccountOfferType\\\":\\\"Standard\\\"}}\"},\"response\":{\"body\":\"{\\\"error\\\":{\\\"code\\\":\\\"MissingSubscriptionRegistration\\\",\\\"message\\\":\\\"The subscription is not registered to use namespace 'Microsoft.DocumentDB'. See https://aka.ms/rps-not-found for how to register subscriptions.\\\",\\\"details\\\":[{\\\"code\\\":\\\"MissingSubscriptionRegistration\\\",\\\"target\\\":\\\"Microsoft.DocumentDB\\\",\\\"message\\\":\\\"The subscription is not registered to use namespace 'Microsoft.DocumentDB'. See https://aka.ms/rps-not-found for how to register subscriptions.\\\"}]}}\"},\"body\":{\"message\":\"The subscription is not registered to use namespace 'Microsoft.DocumentDB'. See https://aka.ms/rps-not-found for how to register subscriptions.\",\"code\":\"MissingSubscriptionRegistration\"}}",
    "{\"name\":\"CREATE_COSMOSDB_ERROR\",\"message\":\"Error - The subscription is not registered to use namespace 'Microsoft.DocumentDB'. See https://aka.ms/rps-not-found for how to register subscriptions.\",\"stack\":\"Error\\n    at new CustomizeError (C:\\\\Program Files\\\\Bot Framework Composer\\\\resources\\\\app.asar.unpacked\\\\extensions\\\\azurePublish\\\\dist\\\\extension.js:255547:25)\\n    at createCustomizeError2 (C:\\\\Program Files\\\\Bot Framework Composer\\\\resources\\\\app.asar.unpacked\\\\extensions\\\\azurePublish\\\\dist\\\\extension.js:255552:10)\\n    at AzureResourceMananger.deployCosmosDBResource (C:\\\\Program Files\\\\Bot Framework Composer\\\\resources\\\\app.asar.unpacked\\\\extensions\\\\azurePublish\\\\dist\\\\extension.js:256698:13)\"}",
    "Provisioning completed 3 items before encountering a problem. {\"name\":\"CREATE_COSMOSDB_ERROR\",\"message\":\"Error - The subscription is not registered to use namespace 'Microsoft.DocumentDB'. See https://aka.ms/rps-not-found for how to register subscriptions.\",\"stack\":\"Error\\n    at new CustomizeError (C:\\\\Program Files\\\\Bot Framework Composer\\\\resources\\\\app.asar.unpacked\\\\extensions\\\\azurePublish\\\\dist\\\\extension.js:255547:25)\\n    at createCustomizeError2 (C:\\\\Program Files\\\\Bot Framework Composer\\\\resources\\\\app.asar.unpacked\\\\extensions\\\\azurePublish\\\\dist\\\\extension.js:255552:10)\\n    at AzureResourceMananger.deployCosmosDBResource (C:\\\\Program Files\\\\Bot Framework Composer\\\\resources\\\\app.asar.unpacked\\\\extensions\\\\azurePublish\\\\dist\\\\extension.js:256698:13)\"}. See provision.VoyagerAzureBot.log in your bot folder"
  ]
}
